Removed Pin From Net: NetName=VCC Pin=P2-1
Added Component: Designator=R3(RESC2012X60N)
Add component. Clean all parameters for all variants
Add component (AddParameter): Name = "Author"; Value = "CERN DEM JLC"; VariantName = "[No Variations]"
Add component (AddParameter): Name = "Case"; Value = "0805"; VariantName = "[No Variations]"
Add component (AddParameter): Name = "Component Type"; Value = "Standard"; VariantName = "[No Variations]"
Add component (AddParameter): Name = "CreateDate"; Value = "03.12.2007"; VariantName = "[No Variations]"
Add component (AddParameter): Name = "HelpURL"; Value = "\\cern.ch\dfs\Applications\Altium\Datasheets\R0805_Tyco_RN73.pdf"; VariantName = "[No Variations]"
Add component (AddParameter): Name = "LatestRevisionDate"; Value = "13.03.2008"; VariantName = "[No Variations]"
Add component (AddParameter): Name = "Manufacturer"; Value = "GENERIC"; VariantName = "[No Variations]"
Add component (AddParameter): Name = "Manufacturer1 ComponentHeight"; Value = "0.6mm"; VariantName = "[No Variations]"
Add component (AddParameter): Name = "Manufacturer1 Example"; Value = "TYCO HOLSWORTHY"; VariantName = "[No Variations]"
Add component (AddParameter): Name = "Manufacturer1 Part Number"; Value = "RN73C2A1K1BTG"; VariantName = "[No Variations]"
Add component (AddParameter): Name = "Manufacturer Part Number"; Value = "R0805_1K1_0.1%_0.1W_10PPM"; VariantName = "[No Variations]"
Add component (AddParameter): Name = "Mounted"; Value = "Yes"; VariantName = "[No Variations]"
Add component (AddParameter): Name = "Part Description"; Value = "Thin Film Chip Resistor"; VariantName = "[No Variations]"
Add component (AddParameter): Name = "Part Number"; Value = "R0805_1K1_0.1%_0.1W_10PPM"; VariantName = "[No Variations]"
Add component (AddParameter): Name = "Pin Count"; Value = "2"; VariantName = "[No Variations]"
Add component (AddParameter): Name = "Power"; Value = "0.1W"; VariantName = "[No Variations]"
Add component (AddParameter): Name = "SMD"; Value = "Yes"; VariantName = "[No Variations]"
Add component (AddParameter): Name = "Socket"; Value = "No"; VariantName = "[No Variations]"
Add component (AddParameter): Name = "Status"; Value = "Not recommended"; VariantName = "[No Variations]"
Add component (AddParameter): Name = "Table"; Value = "Resistors SMD"; VariantName = "[No Variations]"
Add component (AddParameter): Name = "TC"; Value = "±10ppm"; VariantName = "[No Variations]"
Add component (AddParameter): Name = "Tolerance"; Value = "±0.1%"; VariantName = "[No Variations]"
Add component (AddParameter): Name = "Value"; Value = "26K"; VariantName = "[No Variations]"
Added Component: Designator=R6(RESC2012X60N)
Add component. Clean all parameters for all variants
Add component (AddParameter): Name = "Author"; Value = "CERN DEM JLC"; VariantName = "[No Variations]"
Add component (AddParameter): Name = "Case"; Value = "0805"; VariantName = "[No Variations]"
Add component (AddParameter): Name = "Component Type"; Value = "Standard"; VariantName = "[No Variations]"
Add component (AddParameter): Name = "CreateDate"; Value = "03.12.2007"; VariantName = "[No Variations]"
Add component (AddParameter): Name = "HelpURL"; Value = "\\cern.ch\dfs\Applications\Altium\Datasheets\R0805_Tyco_RN73.pdf"; VariantName = "[No Variations]"
Add component (AddParameter): Name = "LatestRevisionDate"; Value = "13.03.2008"; VariantName = "[No Variations]"
Add component (AddParameter): Name = "Manufacturer"; Value = "GENERIC"; VariantName = "[No Variations]"
Add component (AddParameter): Name = "Manufacturer1 ComponentHeight"; Value = "0.6mm"; VariantName = "[No Variations]"
Add component (AddParameter): Name = "Manufacturer1 Example"; Value = "TYCO HOLSWORTHY"; VariantName = "[No Variations]"
Add component (AddParameter): Name = "Manufacturer1 Part Number"; Value = "RN73C2A1K1BTG"; VariantName = "[No Variations]"
Add component (AddParameter): Name = "Manufacturer Part Number"; Value = "R0805_1K1_0.1%_0.1W_10PPM"; VariantName = "[No Variations]"
Add component (AddParameter): Name = "Mounted"; Value = "Yes"; VariantName = "[No Variations]"
Add component (AddParameter): Name = "Part Description"; Value = "Thin Film Chip Resistor"; VariantName = "[No Variations]"
Add component (AddParameter): Name = "Part Number"; Value = "R0805_1K1_0.1%_0.1W_10PPM"; VariantName = "[No Variations]"
Add component (AddParameter): Name = "Pin Count"; Value = "2"; VariantName = "[No Variations]"
Add component (AddParameter): Name = "Power"; Value = "0.1W"; VariantName = "[No Variations]"
Add component (AddParameter): Name = "SMD"; Value = "Yes"; VariantName = "[No Variations]"
Add component (AddParameter): Name = "Socket"; Value = "No"; VariantName = "[No Variations]"
Add component (AddParameter): Name = "Status"; Value = "Not recommended"; VariantName = "[No Variations]"
Add component (AddParameter): Name = "Table"; Value = "Resistors SMD"; VariantName = "[No Variations]"
Add component (AddParameter): Name = "TC"; Value = "±10ppm"; VariantName = "[No Variations]"
Add component (AddParameter): Name = "Tolerance"; Value = "±0.1%"; VariantName = "[No Variations]"
Add component (AddParameter): Name = "Value"; Value = "1K2"; VariantName = "[No Variations]"
Added Component: Designator=U2(T833+2)
Add component. Clean all parameters for all variants
Add component (AddParameter): Name = "Code_JEDEC"; Value = "MO-229-WEEC"; VariantName = "[No Variations]"
Add component (AddParameter): Name = "ComponentLink1Description"; Value = "Manufacturer URL"; VariantName = "[No Variations]"
Add component (AddParameter): Name = "ComponentLink1URL"; Value = "http://www.maxim-ic.com"; VariantName = "[No Variations]"
Add component (AddParameter): Name = "ComponentLink2Description"; Value = "Datasheet"; VariantName = "[No Variations]"
Add component (AddParameter): Name = "ComponentLink2URL"; Value = "http://datasheets.maxim-ic.com/en/ds/MAX8586.pdf"; VariantName = "[No Variations]"
Add component (AddParameter): Name = "ComponentLink3Description"; Value = "Package Specification"; VariantName = "[No Variations]"
Add component (AddParameter): Name = "ComponentLink3URL"; Value = "http://pdfserv.maxim-ic.com/package_dwgs/21-0137.PDF"; VariantName = "[No Variations]"
Add component (AddParameter): Name = "DatasheetVersion"; Value = "Rev 2, Jan-2010"; VariantName = "[No Variations]"
Add component (AddParameter): Name = "PackageDescription"; Value = "8-Pin Plastic Very Very Thin Dual Flatpack No Leads, Exposed Pad, 3 x 3 x 0.8 mm Body, TDFN-EP, Pb-Free"; VariantName = "[No Variations]"
Add component (AddParameter): Name = "PackageReference"; Value = "T833+2"; VariantName = "[No Variations]"
Add component (AddParameter): Name = "PackageVersion"; Value = "revJ, 2009"; VariantName = "[No Variations]"
Added Pin To Net: NetName=3V3 Pin=P2-1
Added Pin To Net: NetName=NetR3_1 Pin=R3-1
Added Pin To Net: NetName=GND Pin=R3-2
Added Pin To Net: NetName=VCC Pin=R6-1
Added Pin To Net: NetName=GND Pin=R6-2
Added Pin To Net: NetName=GND Pin=U2-1
Added Pin To Net: NetName=NetR3_1 Pin=U2-2
Added Pin To Net: NetName=VCC Pin=U2-3
Added Pin To Net: NetName=VBat Pin=U2-4
Added Pin To Net: NetName=VSup Pin=U2-5
Added Pin To Net: NetName=GND Pin=U2-7
Added Pin To Net: NetName=VBat Pin=U2-8
Added Pin To Net: NetName=GND Pin=U2-9
Change Room Name: Old Name=Designator_2 New Name=Designator
Added Room: Name=Designator
